INFO  03:19:27 Application started. Press Ctrl+C to shut down.
INFO  03:19:27 Application started. Press Ctrl+C to shut down.
INFO  03:19:27 Hosting environment: Development
INFO  03:19:27 Hosting environment: Development
INFO  03:19:27 Content root path: C:\Users\Ganesh\source\repos\Truyum_Without_Db\Cart_Service
INFO  03:19:27 Content root path: C:\Users\Ganesh\source\repos\Truyum_Without_Db\Cart_Service
INFO  03:23:22 Application started. Press Ctrl+C to shut down.
INFO  03:23:22 Application started. Press Ctrl+C to shut down.
INFO  03:23:22 Hosting environment: Development
INFO  03:23:22 Hosting environment: Development
INFO  03:23:22 Content root path: C:\Users\Ganesh\source\repos\Truyum_Without_Db\Cart_Service
INFO  03:23:22 Content root path: C:\Users\Ganesh\source\repos\Truyum_Without_Db\Cart_Service
INFO  03:26:28 MenuItem with name Chicken Soup successfully added into cart of user 3
INFO  03:32:55 Application started. Press Ctrl+C to shut down.
INFO  03:32:55 Application started. Press Ctrl+C to shut down.
INFO  03:32:55 Hosting environment: Development
INFO  03:32:55 Hosting environment: Development
INFO  03:32:55 Content root path: C:\Users\Ganesh\source\repos\Truyum_Without_Db\Cart_Service
INFO  03:32:55 Content root path: C:\Users\Ganesh\source\repos\Truyum_Without_Db\Cart_Service
INFO  03:35:06 MenuItem with name Chicken Soup successfully added into cart of user 3
INFO  03:36:46 Application started. Press Ctrl+C to shut down.
INFO  03:36:46 Application started. Press Ctrl+C to shut down.
INFO  03:36:46 Hosting environment: Development
INFO  03:36:46 Hosting environment: Development
INFO  03:36:46 Content root path: C:\Users\Ganesh\source\repos\Truyum_Without_Db\Cart_Service
INFO  03:36:46 Content root path: C:\Users\Ganesh\source\repos\Truyum_Without_Db\Cart_Service
INFO  03:39:19 MenuItem with name Chicken Soup successfully added into cart of user 3
INFO  03:42:13 Application started. Press Ctrl+C to shut down.
INFO  03:42:13 Application started. Press Ctrl+C to shut down.
INFO  03:42:13 Hosting environment: Development
INFO  03:42:13 Hosting environment: Development
INFO  03:42:13 Content root path: C:\Users\Ganesh\source\repos\Truyum_Without_Db\Cart_Service
INFO  03:42:13 Content root path: C:\Users\Ganesh\source\repos\Truyum_Without_Db\Cart_Service
INFO  03:42:48 MenuItem with name Chicken Soup successfully added into cart of user 3
INFO  03:44:10 Application started. Press Ctrl+C to shut down.
INFO  03:44:10 Application started. Press Ctrl+C to shut down.
INFO  03:44:10 Hosting environment: Development
INFO  03:44:10 Hosting environment: Development
INFO  03:44:10 Content root path: C:\Users\Ganesh\source\repos\Truyum_Without_Db\Cart_Service
INFO  03:44:10 Content root path: C:\Users\Ganesh\source\repos\Truyum_Without_Db\Cart_Service
INFO  03:44:45 MenuItem with name Chicken Soup successfully added into cart of user 3
INFO  11:20:00 Application started. Press Ctrl+C to shut down.
INFO  11:20:00 Application started. Press Ctrl+C to shut down.
INFO  11:20:00 Hosting environment: Development
INFO  11:20:00 Hosting environment: Development
INFO  11:20:00 Content root path: C:\Users\Ganesh\source\repos\Truyum_Without_Db\Cart_Service
INFO  11:20:00 Content root path: C:\Users\Ganesh\source\repos\Truyum_Without_Db\Cart_Service
INFO  11:36:17 Application started. Press Ctrl+C to shut down.
INFO  11:36:17 Application started. Press Ctrl+C to shut down.
INFO  11:36:17 Hosting environment: Development
INFO  11:36:17 Hosting environment: Development
INFO  11:36:17 Content root path: C:\Users\Ganesh\source\repos\Truyum_Without_Db\Cart_Service
INFO  11:36:17 Content root path: C:\Users\Ganesh\source\repos\Truyum_Without_Db\Cart_Service
INFO  11:48:20 Application started. Press Ctrl+C to shut down.
INFO  11:48:20 Application started. Press Ctrl+C to shut down.
INFO  11:48:20 Hosting environment: Development
INFO  11:48:20 Hosting environment: Development
INFO  11:48:20 Content root path: C:\Users\Ganesh\source\repos\Truyum_Without_Db\Cart_Service
INFO  11:48:20 Content root path: C:\Users\Ganesh\source\repos\Truyum_Without_Db\Cart_Service
INFO  11:49:39 User with id 1 successfully got cart details
INFO  11:50:14 User with id 2 successfully got cart details
INFO  11:52:56 Application started. Press Ctrl+C to shut down.
INFO  11:52:56 Application started. Press Ctrl+C to shut down.
INFO  11:52:56 Hosting environment: Development
INFO  11:52:56 Hosting environment: Development
INFO  11:52:56 Content root path: C:\Users\Ganesh\source\repos\Truyum_Without_Db\Cart_Service
INFO  11:52:56 Content root path: C:\Users\Ganesh\source\repos\Truyum_Without_Db\Cart_Service
INFO  12:03:20 Application started. Press Ctrl+C to shut down.
INFO  12:03:20 Application started. Press Ctrl+C to shut down.
INFO  12:03:20 Hosting environment: Development
INFO  12:03:20 Hosting environment: Development
INFO  12:03:20 Content root path: C:\Users\Ganesh\source\repos\Truyum_Without_Db\Cart_Service
INFO  12:03:20 Content root path: C:\Users\Ganesh\source\repos\Truyum_Without_Db\Cart_Service
INFO  12:08:53 Application started. Press Ctrl+C to shut down.
INFO  12:08:53 Application started. Press Ctrl+C to shut down.
INFO  12:08:53 Hosting environment: Development
INFO  12:08:53 Hosting environment: Development
INFO  12:08:53 Content root path: C:\Users\Ganesh\source\repos\Truyum_Without_Db\Cart_Service
INFO  12:08:53 Content root path: C:\Users\Ganesh\source\repos\Truyum_Without_Db\Cart_Service
INFO  12:10:36 Application started. Press Ctrl+C to shut down.
INFO  12:10:36 Application started. Press Ctrl+C to shut down.
INFO  12:10:36 Hosting environment: Development
INFO  12:10:36 Hosting environment: Development
INFO  12:10:36 Content root path: C:\Users\Ganesh\source\repos\Truyum_Without_Db\Cart_Service
INFO  12:10:36 Content root path: C:\Users\Ganesh\source\repos\Truyum_Without_Db\Cart_Service
INFO  12:14:42 Application started. Press Ctrl+C to shut down.
INFO  12:14:42 Application started. Press Ctrl+C to shut down.
INFO  12:14:42 Hosting environment: Development
INFO  12:14:42 Hosting environment: Development
INFO  12:14:42 Content root path: C:\Users\Ganesh\source\repos\Truyum_Without_Db\Cart_Service
INFO  12:14:42 Content root path: C:\Users\Ganesh\source\repos\Truyum_Without_Db\Cart_Service
INFO  12:15:08 User with id 2 successfully got cart details
INFO  01:36:24 Application started. Press Ctrl+C to shut down.
INFO  01:36:24 Application started. Press Ctrl+C to shut down.
INFO  01:36:24 Hosting environment: Development
INFO  01:36:24 Hosting environment: Development
INFO  01:36:24 Content root path: C:\Users\Ganesh\source\repos\Truyum_Without_Db\Cart_Service
INFO  01:36:24 Content root path: C:\Users\Ganesh\source\repos\Truyum_Without_Db\Cart_Service
INFO  02:22:51 Application started. Press Ctrl+C to shut down.
INFO  02:22:51 Application started. Press Ctrl+C to shut down.
INFO  02:22:51 Hosting environment: Development
INFO  02:22:51 Hosting environment: Development
INFO  02:22:51 Content root path: C:\Users\Ganesh\source\repos\Truyum_Without_Db\Cart_Service
INFO  02:22:51 Content root path: C:\Users\Ganesh\source\repos\Truyum_Without_Db\Cart_Service
INFO  02:24:43 Application started. Press Ctrl+C to shut down.
INFO  02:24:43 Application started. Press Ctrl+C to shut down.
INFO  02:24:43 Hosting environment: Development
INFO  02:24:43 Hosting environment: Development
INFO  02:24:43 Content root path: C:\Users\Ganesh\source\repos\Truyum_Without_Db\Cart_Service
INFO  02:24:43 Content root path: C:\Users\Ganesh\source\repos\Truyum_Without_Db\Cart_Service
INFO  02:25:15 User with id 1 successfully got cart details
INFO  02:25:31 User with id 1 successfully got cart details
INFO  02:33:31 Application started. Press Ctrl+C to shut down.
INFO  02:33:31 Application started. Press Ctrl+C to shut down.
INFO  02:33:31 Hosting environment: Development
INFO  02:33:31 Hosting environment: Development
INFO  02:33:31 Content root path: C:\Users\Ganesh\source\repos\Truyum_Without_Db\Cart_Service
INFO  02:33:31 Content root path: C:\Users\Ganesh\source\repos\Truyum_Without_Db\Cart_Service
INFO  02:34:17 User with id 2 successfully got cart details
INFO  02:38:32 Application started. Press Ctrl+C to shut down.
INFO  02:38:32 Application started. Press Ctrl+C to shut down.
INFO  02:38:32 Hosting environment: Development
INFO  02:38:32 Hosting environment: Development
INFO  02:38:32 Content root path: C:\Users\Ganesh\source\repos\Truyum_Without_Db\Cart_Service
INFO  02:38:32 Content root path: C:\Users\Ganesh\source\repos\Truyum_Without_Db\Cart_Service
INFO  02:38:57 User with id 2 successfully got cart details
INFO  02:41:22 Application started. Press Ctrl+C to shut down.
INFO  02:41:22 Application started. Press Ctrl+C to shut down.
INFO  02:41:22 Hosting environment: Development
INFO  02:41:22 Hosting environment: Development
INFO  02:41:22 Content root path: C:\Users\Ganesh\source\repos\Truyum_Without_Db\Cart_Service
INFO  02:41:22 Content root path: C:\Users\Ganesh\source\repos\Truyum_Without_Db\Cart_Service
INFO  02:43:50 Application started. Press Ctrl+C to shut down.
INFO  02:43:50 Application started. Press Ctrl+C to shut down.
INFO  02:43:50 Hosting environment: Development
INFO  02:43:50 Hosting environment: Development
INFO  02:43:50 Content root path: C:\Users\Ganesh\source\repos\Truyum_Without_Db\Cart_Service
INFO  02:43:50 Content root path: C:\Users\Ganesh\source\repos\Truyum_Without_Db\Cart_Service
INFO  02:46:09 Application started. Press Ctrl+C to shut down.
INFO  02:46:09 Application started. Press Ctrl+C to shut down.
INFO  02:46:09 Hosting environment: Development
INFO  02:46:09 Hosting environment: Development
INFO  02:46:09 Content root path: C:\Users\Ganesh\source\repos\Truyum_Without_Db\Cart_Service
INFO  02:46:09 Content root path: C:\Users\Ganesh\source\repos\Truyum_Without_Db\Cart_Service
INFO  02:47:54 Application started. Press Ctrl+C to shut down.
INFO  02:47:54 Application started. Press Ctrl+C to shut down.
INFO  02:47:54 Hosting environment: Development
INFO  02:47:54 Hosting environment: Development
INFO  02:47:54 Content root path: C:\Users\Ganesh\source\repos\Truyum_Without_Db\Cart_Service
INFO  02:47:54 Content root path: C:\Users\Ganesh\source\repos\Truyum_Without_Db\Cart_Service
INFO  02:50:45 Application started. Press Ctrl+C to shut down.
INFO  02:50:45 Application started. Press Ctrl+C to shut down.
INFO  02:50:45 Hosting environment: Development
INFO  02:50:45 Hosting environment: Development
INFO  02:50:45 Content root path: C:\Users\Ganesh\source\repos\Truyum_Without_Db\Cart_Service
INFO  02:50:45 Content root path: C:\Users\Ganesh\source\repos\Truyum_Without_Db\Cart_Service
INFO  02:56:49 Application started. Press Ctrl+C to shut down.
INFO  02:56:49 Application started. Press Ctrl+C to shut down.
INFO  02:56:49 Hosting environment: Development
INFO  02:56:49 Hosting environment: Development
INFO  02:56:49 Content root path: C:\Users\Ganesh\source\repos\Truyum_Without_Db\Cart_Service
INFO  02:56:49 Content root path: C:\Users\Ganesh\source\repos\Truyum_Without_Db\Cart_Service
INFO  02:58:33 Application started. Press Ctrl+C to shut down.
INFO  02:58:33 Application started. Press Ctrl+C to shut down.
INFO  02:58:33 Hosting environment: Development
INFO  02:58:33 Hosting environment: Development
INFO  02:58:33 Content root path: C:\Users\Ganesh\source\repos\Truyum_Without_Db\Cart_Service
INFO  02:58:33 Content root path: C:\Users\Ganesh\source\repos\Truyum_Without_Db\Cart_Service
INFO  02:58:50 User with id 2 successfully got cart details
INFO  02:59:03 User with id 2 successfully got cart details
INFO  02:59:16 User with id 2 successfully got cart details
INFO  02:59:25 User with id 2 successfully got cart details
INFO  03:00:20 Application started. Press Ctrl+C to shut down.
INFO  03:00:20 Application started. Press Ctrl+C to shut down.
INFO  03:00:20 Hosting environment: Development
INFO  03:00:20 Hosting environment: Development
INFO  03:00:20 Content root path: C:\Users\Ganesh\source\repos\Truyum_Without_Db\Cart_Service
INFO  03:00:20 Content root path: C:\Users\Ganesh\source\repos\Truyum_Without_Db\Cart_Service
INFO  03:00:51 User with id 2 successfully got cart details
INFO  03:03:01 Application started. Press Ctrl+C to shut down.
INFO  03:03:01 Application started. Press Ctrl+C to shut down.
INFO  03:03:01 Hosting environment: Development
INFO  03:03:01 Hosting environment: Development
INFO  03:03:01 Content root path: C:\Users\Ganesh\source\repos\Truyum_Without_Db\Cart_Service
INFO  03:03:01 Content root path: C:\Users\Ganesh\source\repos\Truyum_Without_Db\Cart_Service
INFO  03:06:15 Application started. Press Ctrl+C to shut down.
INFO  03:06:15 Application started. Press Ctrl+C to shut down.
INFO  03:06:15 Hosting environment: Development
INFO  03:06:15 Hosting environment: Development
INFO  03:06:15 Content root path: C:\Users\Ganesh\source\repos\Truyum_Without_Db\Cart_Service
INFO  03:06:15 Content root path: C:\Users\Ganesh\source\repos\Truyum_Without_Db\Cart_Service
INFO  03:06:45 User with id 2 successfully got cart details
INFO  03:13:06 Application started. Press Ctrl+C to shut down.
INFO  03:13:06 Application started. Press Ctrl+C to shut down.
INFO  03:13:06 Hosting environment: Development
INFO  03:13:06 Hosting environment: Development
INFO  03:13:06 Content root path: C:\Users\Ganesh\source\repos\Truyum_Without_Db\Cart_Service
INFO  03:13:06 Content root path: C:\Users\Ganesh\source\repos\Truyum_Without_Db\Cart_Service
INFO  03:13:33 User with id 2 successfully got cart details
INFO  03:16:42 Application started. Press Ctrl+C to shut down.
INFO  03:16:42 Application started. Press Ctrl+C to shut down.
INFO  03:16:42 Hosting environment: Development
INFO  03:16:42 Hosting environment: Development
INFO  03:16:43 Content root path: C:\Users\Ganesh\source\repos\Truyum_Without_Db\Cart_Service
INFO  03:16:43 Content root path: C:\Users\Ganesh\source\repos\Truyum_Without_Db\Cart_Service
INFO  03:18:03 Application started. Press Ctrl+C to shut down.
INFO  03:18:03 Application started. Press Ctrl+C to shut down.
INFO  03:18:03 Hosting environment: Development
INFO  03:18:03 Hosting environment: Development
INFO  03:18:03 Content root path: C:\Users\Ganesh\source\repos\Truyum_Without_Db\Cart_Service
INFO  03:18:03 Content root path: C:\Users\Ganesh\source\repos\Truyum_Without_Db\Cart_Service
INFO  03:18:19 User with id 1 successfully got cart details
INFO  03:25:41 Application started. Press Ctrl+C to shut down.
INFO  03:25:41 Application started. Press Ctrl+C to shut down.
INFO  03:25:41 Hosting environment: Development
INFO  03:25:41 Hosting environment: Development
INFO  03:25:41 Content root path: C:\Users\Ganesh\source\repos\Truyum_Without_Db\Cart_Service
INFO  03:25:41 Content root path: C:\Users\Ganesh\source\repos\Truyum_Without_Db\Cart_Service
INFO  03:26:33 User with id 2 successfully got cart details
INFO  03:26:38 User with id 2 successfully got cart details
INFO  03:31:12 Application started. Press Ctrl+C to shut down.
INFO  03:31:12 Application started. Press Ctrl+C to shut down.
INFO  03:31:12 Hosting environment: Development
INFO  03:31:12 Hosting environment: Development
INFO  03:31:12 Content root path: C:\Users\Ganesh\source\repos\Truyum_Without_Db\Cart_Service
INFO  03:31:12 Content root path: C:\Users\Ganesh\source\repos\Truyum_Without_Db\Cart_Service
INFO  03:32:56 User with id 2 successfully got cart details
INFO  03:37:19 Application started. Press Ctrl+C to shut down.
INFO  03:37:19 Application started. Press Ctrl+C to shut down.
INFO  03:37:19 Hosting environment: Development
INFO  03:37:19 Hosting environment: Development
INFO  03:37:19 Content root path: C:\Users\Ganesh\source\repos\Truyum_Without_Db\Cart_Service
INFO  03:37:19 Content root path: C:\Users\Ganesh\source\repos\Truyum_Without_Db\Cart_Service
INFO  03:42:13 Application started. Press Ctrl+C to shut down.
INFO  03:42:13 Application started. Press Ctrl+C to shut down.
INFO  03:42:13 Hosting environment: Development
INFO  03:42:13 Hosting environment: Development
INFO  03:42:13 Content root path: C:\Users\Ganesh\source\repos\Truyum_Without_Db\Cart_Service
INFO  03:42:13 Content root path: C:\Users\Ganesh\source\repos\Truyum_Without_Db\Cart_Service
INFO  03:42:42 User with id 2 successfully got cart details
INFO  04:27:03 Application started. Press Ctrl+C to shut down.
INFO  04:27:03 Application started. Press Ctrl+C to shut down.
INFO  04:27:03 Hosting environment: Development
INFO  04:27:03 Hosting environment: Development
INFO  04:27:03 Content root path: C:\Users\Ganesh\source\repos\Truyum_Without_Db\Cart_Service
INFO  04:27:03 Content root path: C:\Users\Ganesh\source\repos\Truyum_Without_Db\Cart_Service
INFO  04:29:55 Application started. Press Ctrl+C to shut down.
INFO  04:29:55 Application started. Press Ctrl+C to shut down.
INFO  04:29:55 Hosting environment: Development
INFO  04:29:55 Hosting environment: Development
INFO  04:29:55 Content root path: C:\Users\Ganesh\source\repos\Truyum_Without_Db\Cart_Service
INFO  04:29:55 Content root path: C:\Users\Ganesh\source\repos\Truyum_Without_Db\Cart_Service
INFO  04:30:57 MenuItem with name Maggie successfully added into cart of user 1
INFO  04:31:17 User with id 2 successfully got cart details
INFO  04:31:21 User with id 2 successfully got cart details
INFO  04:33:33 MenuItem with name Maggie successfully added into cart of user 1
INFO  04:35:58 Application started. Press Ctrl+C to shut down.
INFO  04:35:58 Application started. Press Ctrl+C to shut down.
INFO  04:35:58 Hosting environment: Development
INFO  04:35:58 Hosting environment: Development
INFO  04:35:58 Content root path: C:\Users\Ganesh\source\repos\Truyum_Without_Db\Cart_Service
INFO  04:35:58 Content root path: C:\Users\Ganesh\source\repos\Truyum_Without_Db\Cart_Service
INFO  04:36:25 MenuItem with name Maggie successfully added into cart of user 1
INFO  04:37:02 User with id 2 successfully got cart details
INFO  04:37:08 User with id 2 successfully got cart details
INFO  04:37:16 User with id 2 successfully got cart details
INFO  04:37:35 MenuItem with name Maggie successfully added into cart of user 1
INFO  04:39:32 Application started. Press Ctrl+C to shut down.
INFO  04:39:32 Application started. Press Ctrl+C to shut down.
INFO  04:39:32 Hosting environment: Development
INFO  04:39:32 Hosting environment: Development
INFO  04:39:32 Content root path: C:\Users\Ganesh\source\repos\Truyum_Without_Db\Cart_Service
INFO  04:39:32 Content root path: C:\Users\Ganesh\source\repos\Truyum_Without_Db\Cart_Service
INFO  04:40:00 MenuItem with name Maggie successfully added into cart of user 1
INFO  04:40:12 User with id 2 successfully got cart details
INFO  04:41:16 Application started. Press Ctrl+C to shut down.
INFO  04:41:16 Application started. Press Ctrl+C to shut down.
INFO  04:41:16 Hosting environment: Development
INFO  04:41:16 Hosting environment: Development
INFO  04:41:16 Content root path: C:\Users\Ganesh\source\repos\Truyum_Without_Db\Cart_Service
INFO  04:41:16 Content root path: C:\Users\Ganesh\source\repos\Truyum_Without_Db\Cart_Service
INFO  04:44:14 MenuItem with name Maggie successfully added into cart of user 1
INFO  04:48:42 Application started. Press Ctrl+C to shut down.
INFO  04:48:42 Application started. Press Ctrl+C to shut down.
INFO  04:48:42 Hosting environment: Development
INFO  04:48:42 Hosting environment: Development
INFO  04:48:43 Content root path: C:\Users\Ganesh\source\repos\Truyum_Without_Db\Cart_Service
INFO  04:48:43 Content root path: C:\Users\Ganesh\source\repos\Truyum_Without_Db\Cart_Service
INFO  04:49:16 MenuItem with name Maggie successfully added into cart of user 2
INFO  04:49:18 User with id 2 successfully got cart details
INFO  04:49:23 User with id 2 successfully got cart details
INFO  04:49:33 MenuItem with name Chicken Biryani successfully added into cart of user 2
INFO  04:49:35 User with id 2 successfully got cart details
INFO  05:36:14 Application started. Press Ctrl+C to shut down.
INFO  05:36:14 Application started. Press Ctrl+C to shut down.
INFO  05:36:14 Hosting environment: Development
INFO  05:36:14 Hosting environment: Development
INFO  05:36:14 Content root path: C:\Users\Ganesh\source\repos\Truyum_Without_Db\Cart_Service
INFO  05:36:14 Content root path: C:\Users\Ganesh\source\repos\Truyum_Without_Db\Cart_Service
INFO  05:36:52 User with id 1 successfully got cart details
INFO  05:37:08 MenuItem with name Chicken Biryani successfully added into cart of user 1
INFO  05:37:08 User with id 1 successfully got cart details
INFO  05:52:49 Application started. Press Ctrl+C to shut down.
INFO  05:52:49 Application started. Press Ctrl+C to shut down.
INFO  05:52:49 Hosting environment: Development
INFO  05:52:49 Hosting environment: Development
INFO  05:52:49 Content root path: C:\Users\Ganesh\source\repos\Truyum_Without_Db\Cart_Service
INFO  05:52:49 Content root path: C:\Users\Ganesh\source\repos\Truyum_Without_Db\Cart_Service
INFO  05:53:33 MenuItem with name Chicken Manchuria successfully added into cart of user 4
INFO  05:53:33 User with id 4 successfully got cart details
INFO  05:53:38 User with id 4 successfully got cart details
INFO  05:53:46 MenuItem with name Veg Manchuria successfully added into cart of user 4
INFO  05:53:46 User with id 4 successfully got cart details
INFO  05:53:53 User with id 4 successfully got cart details
INFO  05:54:02 User with id 4 successfully got cart details
INFO  05:54:09 MenuItem with name Maggie successfully added into cart of user 4
INFO  05:54:09 User with id 4 successfully got cart details
INFO  12:29:48 Application started. Press Ctrl+C to shut down.
INFO  12:29:48 Application started. Press Ctrl+C to shut down.
INFO  12:29:48 Hosting environment: Development
INFO  12:29:48 Hosting environment: Development
INFO  12:29:48 Content root path: C:\Users\Ganesh\source\repos\Truyum_Without_Db\Cart_Service
INFO  12:29:48 Content root path: C:\Users\Ganesh\source\repos\Truyum_Without_Db\Cart_Service
INFO  12:30:12 User with id 2 successfully got cart details
INFO  12:31:35 Application started. Press Ctrl+C to shut down.
INFO  12:31:35 Application started. Press Ctrl+C to shut down.
INFO  12:31:35 Hosting environment: Development
INFO  12:31:35 Hosting environment: Development
INFO  12:31:35 Content root path: C:\Users\Ganesh\source\repos\Truyum_Without_Db\Cart_Service
INFO  12:31:35 Content root path: C:\Users\Ganesh\source\repos\Truyum_Without_Db\Cart_Service
INFO  12:32:25 User with id 2 successfully got cart details
INFO  12:32:28 Menuitem item with id 2 successfully deleted
INFO  12:32:28 User with id 2 successfully got cart details
INFO  12:32:31 Menuitem item with id 3 successfully deleted
INFO  12:32:31 User with id 2 successfully got cart details
INFO  12:32:36 User with id 2 successfully got cart details
INFO  12:32:47 MenuItem with name Chicken Biryani successfully added into cart of user 2
INFO  12:32:47 User with id 2 successfully got cart details
INFO  12:32:53 User with id 2 successfully got cart details
INFO  12:32:57 Menuitem item with id 4 successfully deleted
INFO  12:32:57 User with id 2 successfully got cart details
INFO  12:33:08 MenuItem with name Chicken Manchuria successfully added into cart of user 2
INFO  12:33:08 User with id 2 successfully got cart details
INFO  12:42:43 Application started. Press Ctrl+C to shut down.
INFO  12:42:43 Application started. Press Ctrl+C to shut down.
INFO  12:42:43 Hosting environment: Development
INFO  12:42:43 Hosting environment: Development
INFO  12:42:43 Content root path: C:\Users\Ganesh\source\repos\Truyum_Without_Db\Cart_Service
INFO  12:42:43 Content root path: C:\Users\Ganesh\source\repos\Truyum_Without_Db\Cart_Service
INFO  12:43:15 MenuItem with name Maggie successfully added into cart of user 2
INFO  12:43:15 User with id 2 successfully got cart details
INFO  12:43:21 Menuitem item with id 2 successfully deleted
INFO  12:43:21 User with id 2 successfully got cart details
INFO  12:43:22 Menuitem item with id 3 successfully deleted
INFO  12:43:22 User with id 2 successfully got cart details
INFO  12:45:15 Application started. Press Ctrl+C to shut down.
INFO  12:45:15 Application started. Press Ctrl+C to shut down.
INFO  12:45:15 Hosting environment: Development
INFO  12:45:15 Hosting environment: Development
INFO  12:45:15 Content root path: C:\Users\Ganesh\source\repos\Truyum_Without_Db\Cart_Service
INFO  12:45:15 Content root path: C:\Users\Ganesh\source\repos\Truyum_Without_Db\Cart_Service
INFO  12:45:46 MenuItem with name Maggie successfully added into cart of user 2
INFO  12:45:46 User with id 2 successfully got cart details
INFO  12:50:11 Application started. Press Ctrl+C to shut down.
INFO  12:50:11 Application started. Press Ctrl+C to shut down.
INFO  12:50:11 Hosting environment: Development
INFO  12:50:11 Hosting environment: Development
INFO  12:50:11 Content root path: C:\Users\Ganesh\source\repos\Truyum_Without_Db\Cart_Service
INFO  12:50:11 Content root path: C:\Users\Ganesh\source\repos\Truyum_Without_Db\Cart_Service
INFO  12:50:58 MenuItem with name Maggie successfully added into cart of user 2
INFO  12:50:58 User with id 2 successfully got cart details
INFO  12:51:02 Menuitem item with id 4 successfully deleted
INFO  12:51:02 User with id 2 successfully got cart details
INFO  12:51:04 Menuitem item with id 1 successfully deleted
INFO  12:51:04 User with id 2 successfully got cart details
INFO  12:52:45 Application started. Press Ctrl+C to shut down.
INFO  12:52:45 Application started. Press Ctrl+C to shut down.
INFO  12:52:45 Hosting environment: Development
INFO  12:52:45 Hosting environment: Development
INFO  12:52:45 Content root path: C:\Users\Ganesh\source\repos\Truyum_Without_Db\Cart_Service
INFO  12:52:45 Content root path: C:\Users\Ganesh\source\repos\Truyum_Without_Db\Cart_Service
INFO  12:53:09 User with id 2 successfully got cart details
INFO  12:53:11 Menuitem item with id 2 successfully deleted
INFO  12:53:11 User with id 2 successfully got cart details
INFO  12:53:13 Menuitem item with id 3 successfully deleted
INFO  12:53:13 User with id 2 successfully got cart details
INFO  12:53:21 MenuItem with name Chicken Manchuria successfully added into cart of user 2
INFO  12:53:21 User with id 2 successfully got cart details
INFO  12:53:48 Menuitem item with id 4 successfully deleted
INFO  12:53:48 User with id 2 successfully got cart details
INFO  12:54:01 MenuItem with name Chicken Biryani successfully added into cart of user 2
INFO  12:54:01 User with id 2 successfully got cart details
INFO  12:54:07 MenuItem with name Chicken Biryani successfully added into cart of user 2
INFO  12:54:07 User with id 2 successfully got cart details
INFO  12:54:11 Menuitem item with id 3 successfully deleted
INFO  12:54:11 User with id 2 successfully got cart details
INFO  12:54:14 Menuitem item with id 2 successfully deleted
INFO  12:54:14 User with id 2 successfully got cart details
INFO  02:53:16 Application started. Press Ctrl+C to shut down.
INFO  02:53:16 Application started. Press Ctrl+C to shut down.
INFO  02:53:16 Hosting environment: Development
INFO  02:53:16 Hosting environment: Development
INFO  02:53:16 Content root path: C:\Users\Ganesh\source\repos\Truyum_Without_Db\Cart_Service
INFO  02:53:16 Content root path: C:\Users\Ganesh\source\repos\Truyum_Without_Db\Cart_Service
INFO  02:56:03 Application started. Press Ctrl+C to shut down.
INFO  02:56:03 Application started. Press Ctrl+C to shut down.
INFO  02:56:03 Hosting environment: Development
INFO  02:56:03 Hosting environment: Development
INFO  02:56:03 Content root path: C:\Users\Ganesh\source\repos\Truyum_Without_Db\Cart_Service
INFO  02:56:03 Content root path: C:\Users\Ganesh\source\repos\Truyum_Without_Db\Cart_Service
INFO  02:58:02 Application started. Press Ctrl+C to shut down.
INFO  02:58:02 Application started. Press Ctrl+C to shut down.
INFO  02:58:02 Hosting environment: Development
INFO  02:58:02 Hosting environment: Development
INFO  02:58:02 Content root path: C:\Users\Ganesh\source\repos\Truyum_Without_Db\Cart_Service
INFO  02:58:02 Content root path: C:\Users\Ganesh\source\repos\Truyum_Without_Db\Cart_Service
INFO  03:01:28 Application started. Press Ctrl+C to shut down.
INFO  03:01:28 Application started. Press Ctrl+C to shut down.
INFO  03:01:28 Hosting environment: Development
INFO  03:01:28 Hosting environment: Development
INFO  03:01:28 Content root path: C:\Users\Ganesh\source\repos\Truyum_Without_Db\Cart_Service
INFO  03:01:28 Content root path: C:\Users\Ganesh\source\repos\Truyum_Without_Db\Cart_Service
INFO  03:04:05 Application started. Press Ctrl+C to shut down.
INFO  03:04:05 Application started. Press Ctrl+C to shut down.
INFO  03:04:05 Hosting environment: Development
INFO  03:04:05 Hosting environment: Development
INFO  03:04:05 Content root path: C:\Users\Ganesh\source\repos\Truyum_Without_Db\Cart_Service
INFO  03:04:05 Content root path: C:\Users\Ganesh\source\repos\Truyum_Without_Db\Cart_Service
INFO  03:05:59 Application started. Press Ctrl+C to shut down.
INFO  03:05:59 Application started. Press Ctrl+C to shut down.
INFO  03:05:59 Hosting environment: Development
INFO  03:05:59 Hosting environment: Development
INFO  03:05:59 Content root path: C:\Users\Ganesh\source\repos\Truyum_Without_Db\Cart_Service
INFO  03:05:59 Content root path: C:\Users\Ganesh\source\repos\Truyum_Without_Db\Cart_Service
INFO  03:14:52 Application started. Press Ctrl+C to shut down.
INFO  03:14:52 Application started. Press Ctrl+C to shut down.
INFO  03:14:52 Hosting environment: Development
INFO  03:14:52 Hosting environment: Development
INFO  03:14:52 Content root path: C:\Users\Ganesh\source\repos\Truyum_Without_Db\Cart_Service
INFO  03:14:52 Content root path: C:\Users\Ganesh\source\repos\Truyum_Without_Db\Cart_Service
INFO  03:16:54 MenuItem with name Maggie successfully added into cart of user 2
INFO  03:16:54 User with id 2 successfully got cart details
INFO  03:16:58 Menuitem item with id 3 successfully deleted
INFO  03:16:58 User with id 2 successfully got cart details
INFO  03:16:59 Menuitem item with id 4 successfully deleted
INFO  03:16:59 User with id 2 successfully got cart details
INFO  03:17:02 Menuitem item with id 2 successfully deleted
INFO  03:17:02 User with id 2 successfully got cart details
INFO  03:17:05 User with id 2 successfully got cart details
INFO  03:17:08 User with id 2 successfully got cart details
INFO  03:25:15 Application started. Press Ctrl+C to shut down.
INFO  03:25:15 Application started. Press Ctrl+C to shut down.
INFO  03:25:15 Hosting environment: Development
INFO  03:25:15 Hosting environment: Development
INFO  03:25:15 Content root path: C:\Users\Ganesh\source\repos\Truyum_Without_Db\Cart_Service
INFO  03:25:15 Content root path: C:\Users\Ganesh\source\repos\Truyum_Without_Db\Cart_Service
INFO  03:26:54 Application started. Press Ctrl+C to shut down.
INFO  03:26:54 Application started. Press Ctrl+C to shut down.
INFO  03:26:54 Hosting environment: Development
INFO  03:26:54 Hosting environment: Development
INFO  03:26:54 Content root path: C:\Users\Ganesh\source\repos\Truyum_Without_Db\Cart_Service
INFO  03:26:54 Content root path: C:\Users\Ganesh\source\repos\Truyum_Without_Db\Cart_Service
INFO  03:28:57 Application started. Press Ctrl+C to shut down.
INFO  03:28:58 Application started. Press Ctrl+C to shut down.
INFO  03:28:58 Hosting environment: Development
INFO  03:28:58 Hosting environment: Development
INFO  03:28:58 Content root path: C:\Users\Ganesh\source\repos\Truyum_Without_Db\Cart_Service
INFO  03:28:58 Content root path: C:\Users\Ganesh\source\repos\Truyum_Without_Db\Cart_Service
INFO  03:31:12 Application started. Press Ctrl+C to shut down.
INFO  03:31:12 Application started. Press Ctrl+C to shut down.
INFO  03:31:13 Hosting environment: Development
INFO  03:31:13 Hosting environment: Development
INFO  03:31:13 Content root path: C:\Users\Ganesh\source\repos\Truyum_Without_Db\Cart_Service
INFO  03:31:13 Content root path: C:\Users\Ganesh\source\repos\Truyum_Without_Db\Cart_Service
INFO  03:31:29 MenuItem with name Maggie successfully added into cart of user 2
INFO  03:31:29 User with id 2 successfully got cart details
INFO  03:31:32 Menuitem item with id 2 successfully deleted
INFO  03:31:32 User with id 2 successfully got cart details
INFO  03:31:37 User with id 2 successfully got cart details
INFO  03:31:42 Menuitem item with id 4 successfully deleted
INFO  03:31:42 User with id 2 successfully got cart details
INFO  03:31:46 User with id 2 successfully got cart details
INFO  03:31:52 MenuItem with name Maggie successfully added into cart of user 2
INFO  03:31:52 User with id 2 successfully got cart details
INFO  03:46:16 Application started. Press Ctrl+C to shut down.
INFO  03:46:16 Application started. Press Ctrl+C to shut down.
INFO  03:46:16 Hosting environment: Development
INFO  03:46:16 Hosting environment: Development
INFO  03:46:16 Content root path: C:\Users\Ganesh\source\repos\Truyum_Without_Db\Cart_Service
INFO  03:46:16 Content root path: C:\Users\Ganesh\source\repos\Truyum_Without_Db\Cart_Service
INFO  03:47:38 Application started. Press Ctrl+C to shut down.
INFO  03:47:38 Application started. Press Ctrl+C to shut down.
INFO  03:47:38 Hosting environment: Development
INFO  03:47:38 Hosting environment: Development
INFO  03:47:38 Content root path: C:\Users\Ganesh\source\repos\Truyum_Without_Db\Cart_Service
INFO  03:47:38 Content root path: C:\Users\Ganesh\source\repos\Truyum_Without_Db\Cart_Service
INFO  03:51:32 Application started. Press Ctrl+C to shut down.
INFO  03:51:32 Application started. Press Ctrl+C to shut down.
INFO  03:51:32 Hosting environment: Development
INFO  03:51:32 Hosting environment: Development
INFO  03:51:32 Content root path: C:\Users\Ganesh\source\repos\Truyum_Without_Db\Cart_Service
INFO  03:51:32 Content root path: C:\Users\Ganesh\source\repos\Truyum_Without_Db\Cart_Service
INFO  03:53:04 Application started. Press Ctrl+C to shut down.
INFO  03:53:04 Application started. Press Ctrl+C to shut down.
INFO  03:53:04 Hosting environment: Development
INFO  03:53:04 Hosting environment: Development
INFO  03:53:04 Content root path: C:\Users\Ganesh\source\repos\Truyum_Without_Db\Cart_Service
INFO  03:53:04 Content root path: C:\Users\Ganesh\source\repos\Truyum_Without_Db\Cart_Service
INFO  03:53:19 MenuItem with name Chicken Manchuria successfully added into cart of user 2
INFO  03:53:19 User with id 2 successfully got cart details
INFO  03:53:22 Menuitem item with id 2 successfully deleted
INFO  03:53:22 User with id 2 successfully got cart details
INFO  03:53:25 Menuitem item with id 3 successfully deleted
INFO  03:53:25 User with id 2 successfully got cart details
