INFO  02:06:01 Application started. Press Ctrl+C to shut down.
INFO  02:06:01 Application started. Press Ctrl+C to shut down.
INFO  02:06:01 Hosting environment: Development
INFO  02:06:01 Hosting environment: Development
INFO  02:06:01 Content root path: C:\Users\Ganesh\source\repos\Truyum_Without_Db\Menu_Service
INFO  02:06:01 Content root path: C:\Users\Ganesh\source\repos\Truyum_Without_Db\Menu_Service
INFO  02:06:30 Application started. Press Ctrl+C to shut down.
INFO  02:06:30 Application started. Press Ctrl+C to shut down.
INFO  02:06:30 Hosting environment: Development
INFO  02:06:30 Hosting environment: Development
INFO  02:06:30 Content root path: C:\Users\Ganesh\source\repos\Truyum_Without_Db\Menu_Service
INFO  02:06:30 Content root path: C:\Users\Ganesh\source\repos\Truyum_Without_Db\Menu_Service
INFO  02:14:01 Application started. Press Ctrl+C to shut down.
INFO  02:14:01 Application started. Press Ctrl+C to shut down.
INFO  02:14:01 Hosting environment: Development
INFO  02:14:01 Hosting environment: Development
INFO  02:14:01 Content root path: C:\Users\Ganesh\source\repos\Truyum_Without_Db\Menu_Service
INFO  02:14:01 Content root path: C:\Users\Ganesh\source\repos\Truyum_Without_Db\Menu_Service
INFO  05:57:07 Application is shutting down...
INFO  05:57:07 Application started. Press Ctrl+C to shut down.
INFO  05:57:07 Application started. Press Ctrl+C to shut down.
INFO  05:57:07 Application is shutting down...
INFO  05:57:07 Hosting environment: Development
INFO  05:57:07 Hosting environment: Development
INFO  05:57:07 Content root path: C:\Users\Ganesh\source\repos\Truyum_Without_Db\Menu_Service
INFO  05:57:07 Content root path: C:\Users\Ganesh\source\repos\Truyum_Without_Db\Menu_Service
INFO  05:57:55 Application started. Press Ctrl+C to shut down.
INFO  05:57:55 Application started. Press Ctrl+C to shut down.
INFO  05:57:55 Hosting environment: Development
INFO  05:57:55 Hosting environment: Development
INFO  05:57:55 Content root path: C:\Users\Ganesh\source\repos\Truyum_Without_Db\Menu_Service
INFO  05:57:55 Content root path: C:\Users\Ganesh\source\repos\Truyum_Without_Db\Menu_Service
INFO  06:00:52 Application started. Press Ctrl+C to shut down.
INFO  06:00:52 Application started. Press Ctrl+C to shut down.
INFO  06:00:52 Hosting environment: Development
INFO  06:00:52 Hosting environment: Development
INFO  06:00:52 Content root path: C:\Users\Ganesh\source\repos\Truyum_Without_Db\Menu_Service
INFO  06:00:52 Content root path: C:\Users\Ganesh\source\repos\Truyum_Without_Db\Menu_Service
INFO  06:03:04 Application started. Press Ctrl+C to shut down.
INFO  06:03:04 Application started. Press Ctrl+C to shut down.
INFO  06:03:04 Hosting environment: Development
INFO  06:03:04 Hosting environment: Development
INFO  06:03:04 Content root path: C:\Users\Ganesh\source\repos\Truyum_Without_Db\Menu_Service
INFO  06:03:04 Content root path: C:\Users\Ganesh\source\repos\Truyum_Without_Db\Menu_Service
INFO  06:04:42 Application started. Press Ctrl+C to shut down.
INFO  06:04:42 Application started. Press Ctrl+C to shut down.
INFO  06:04:42 Hosting environment: Development
INFO  06:04:42 Hosting environment: Development
INFO  06:04:42 Content root path: C:\Users\Ganesh\source\repos\Truyum_Without_Db\Menu_Service
INFO  06:04:42 Content root path: C:\Users\Ganesh\source\repos\Truyum_Without_Db\Menu_Service
INFO  06:06:35 Application started. Press Ctrl+C to shut down.
INFO  06:06:35 Application started. Press Ctrl+C to shut down.
INFO  06:06:35 Hosting environment: Development
INFO  06:06:35 Hosting environment: Development
INFO  06:06:35 Content root path: C:\Users\Ganesh\source\repos\Truyum_Without_Db\Menu_Service
INFO  06:06:35 Content root path: C:\Users\Ganesh\source\repos\Truyum_Without_Db\Menu_Service
INFO  06:09:33 Application started. Press Ctrl+C to shut down.
INFO  06:09:33 Application started. Press Ctrl+C to shut down.
INFO  06:09:33 Hosting environment: Development
INFO  06:09:33 Hosting environment: Development
INFO  06:09:33 Content root path: C:\Users\Ganesh\source\repos\Truyum_Without_Db\Menu_Service
INFO  06:09:33 Content root path: C:\Users\Ganesh\source\repos\Truyum_Without_Db\Menu_Service
INFO  06:13:59 Application started. Press Ctrl+C to shut down.
INFO  06:13:59 Application started. Press Ctrl+C to shut down.
INFO  06:13:59 Hosting environment: Development
INFO  06:13:59 Hosting environment: Development
INFO  06:13:59 Content root path: C:\Users\Ganesh\source\repos\Truyum_Without_Db\Menu_Service
INFO  06:13:59 Content root path: C:\Users\Ganesh\source\repos\Truyum_Without_Db\Menu_Service
INFO  06:16:28 Application started. Press Ctrl+C to shut down.
INFO  06:16:28 Application started. Press Ctrl+C to shut down.
INFO  06:16:28 Hosting environment: Development
INFO  06:16:28 Hosting environment: Development
INFO  06:16:28 Content root path: C:\Users\Ganesh\source\repos\Truyum_Without_Db\Menu_Service
INFO  06:16:28 Content root path: C:\Users\Ganesh\source\repos\Truyum_Without_Db\Menu_Service
INFO  06:20:47 Application started. Press Ctrl+C to shut down.
INFO  06:20:47 Application started. Press Ctrl+C to shut down.
INFO  06:20:47 Hosting environment: Development
INFO  06:20:47 Hosting environment: Development
INFO  06:20:47 Content root path: C:\Users\Ganesh\source\repos\Truyum_Without_Db\Menu_Service
INFO  06:20:47 Content root path: C:\Users\Ganesh\source\repos\Truyum_Without_Db\Menu_Service
INFO  06:23:37 Application started. Press Ctrl+C to shut down.
INFO  06:23:37 Application started. Press Ctrl+C to shut down.
INFO  06:23:37 Hosting environment: Development
INFO  06:23:37 Hosting environment: Development
INFO  06:23:37 Content root path: C:\Users\Ganesh\source\repos\Truyum_Without_Db\Menu_Service
INFO  06:23:37 Content root path: C:\Users\Ganesh\source\repos\Truyum_Without_Db\Menu_Service
INFO  06:24:00 Getting all menuitems
INFO  06:37:55 Application started. Press Ctrl+C to shut down.
INFO  06:37:55 Application started. Press Ctrl+C to shut down.
INFO  06:37:55 Hosting environment: Development
INFO  06:37:55 Hosting environment: Development
INFO  06:37:55 Content root path: C:\Users\Ganesh\source\repos\Truyum_Without_Db\Menu_Service
INFO  06:37:55 Content root path: C:\Users\Ganesh\source\repos\Truyum_Without_Db\Menu_Service
INFO  06:38:14 Getting all menuitems
INFO  10:00:12 Application started. Press Ctrl+C to shut down.
INFO  10:00:12 Application started. Press Ctrl+C to shut down.
INFO  10:00:12 Hosting environment: Development
INFO  10:00:12 Hosting environment: Development
INFO  10:00:12 Content root path: C:\Users\Ganesh\source\repos\Truyum_Without_Db\Menu_Service
INFO  10:00:12 Content root path: C:\Users\Ganesh\source\repos\Truyum_Without_Db\Menu_Service
INFO  10:02:29 Getting all menuitems
INFO  10:02:46 Getting all menuitems
INFO  10:02:49 Getting all menuitems
INFO  10:03:30 Getting all menuitems
INFO  10:07:42 Application started. Press Ctrl+C to shut down.
INFO  10:07:42 Application started. Press Ctrl+C to shut down.
INFO  10:07:43 Hosting environment: Development
INFO  10:07:43 Hosting environment: Development
INFO  10:07:43 Content root path: C:\Users\Ganesh\source\repos\Truyum_Without_Db\Menu_Service
INFO  10:07:43 Content root path: C:\Users\Ganesh\source\repos\Truyum_Without_Db\Menu_Service
INFO  10:08:02 Getting all menuitems
INFO  10:09:25 Application started. Press Ctrl+C to shut down.
INFO  10:09:25 Application started. Press Ctrl+C to shut down.
INFO  10:09:25 Hosting environment: Development
INFO  10:09:25 Hosting environment: Development
INFO  10:09:25 Content root path: C:\Users\Ganesh\source\repos\Truyum_Without_Db\Menu_Service
INFO  10:09:25 Content root path: C:\Users\Ganesh\source\repos\Truyum_Without_Db\Menu_Service
INFO  10:09:39 Getting all menuitems
INFO  10:10:44 Application started. Press Ctrl+C to shut down.
INFO  10:10:44 Application started. Press Ctrl+C to shut down.
INFO  10:10:44 Hosting environment: Development
INFO  10:10:44 Hosting environment: Development
INFO  10:10:44 Content root path: C:\Users\Ganesh\source\repos\Truyum_Without_Db\Menu_Service
INFO  10:10:44 Content root path: C:\Users\Ganesh\source\repos\Truyum_Without_Db\Menu_Service
INFO  10:54:39 Application started. Press Ctrl+C to shut down.
INFO  10:54:39 Application started. Press Ctrl+C to shut down.
INFO  10:54:40 Hosting environment: Development
INFO  10:54:40 Hosting environment: Development
INFO  10:54:40 Content root path: C:\Users\Ganesh\source\repos\Truyum_Without_Db\Menu_Service
INFO  10:54:40 Content root path: C:\Users\Ganesh\source\repos\Truyum_Without_Db\Menu_Service
INFO  10:54:58 Getting all menuitems
INFO  10:55:53 Application started. Press Ctrl+C to shut down.
INFO  10:55:53 Application started. Press Ctrl+C to shut down.
INFO  10:55:53 Hosting environment: Development
INFO  10:55:53 Hosting environment: Development
INFO  10:55:53 Content root path: C:\Users\Ganesh\source\repos\Truyum_Without_Db\Menu_Service
INFO  10:55:53 Content root path: C:\Users\Ganesh\source\repos\Truyum_Without_Db\Menu_Service
INFO  10:56:58 Application started. Press Ctrl+C to shut down.
INFO  10:56:58 Application started. Press Ctrl+C to shut down.
INFO  10:56:58 Hosting environment: Development
INFO  10:56:58 Hosting environment: Development
INFO  10:56:58 Content root path: C:\Users\Ganesh\source\repos\Truyum_Without_Db\Menu_Service
INFO  10:56:58 Content root path: C:\Users\Ganesh\source\repos\Truyum_Without_Db\Menu_Service
INFO  10:57:46 Application started. Press Ctrl+C to shut down.
INFO  10:57:46 Application started. Press Ctrl+C to shut down.
INFO  10:57:46 Hosting environment: Development
INFO  10:57:46 Hosting environment: Development
INFO  10:57:46 Content root path: C:\Users\Ganesh\source\repos\Truyum_Without_Db\Menu_Service
INFO  10:57:46 Content root path: C:\Users\Ganesh\source\repos\Truyum_Without_Db\Menu_Service
INFO  10:59:56 Application started. Press Ctrl+C to shut down.
INFO  10:59:56 Application started. Press Ctrl+C to shut down.
INFO  10:59:56 Hosting environment: Development
INFO  10:59:56 Hosting environment: Development
INFO  10:59:56 Content root path: C:\Users\Ganesh\source\repos\Truyum_Without_Db\Menu_Service
INFO  10:59:56 Content root path: C:\Users\Ganesh\source\repos\Truyum_Without_Db\Menu_Service
INFO  11:00:12 Getting all menuitems
INFO  11:07:42 Application started. Press Ctrl+C to shut down.
INFO  11:07:42 Application started. Press Ctrl+C to shut down.
INFO  11:07:42 Hosting environment: Development
INFO  11:07:42 Hosting environment: Development
INFO  11:07:42 Content root path: C:\Users\Ganesh\source\repos\Truyum_Without_Db\Menu_Service
INFO  11:07:42 Content root path: C:\Users\Ganesh\source\repos\Truyum_Without_Db\Menu_Service
INFO  11:08:18 Getting all menuitems
INFO  11:25:40 Application started. Press Ctrl+C to shut down.
INFO  11:25:40 Application started. Press Ctrl+C to shut down.
INFO  11:25:40 Hosting environment: Development
INFO  11:25:40 Hosting environment: Development
INFO  11:25:40 Content root path: C:\Users\Ganesh\source\repos\Truyum_Without_Db\Menu_Service
INFO  11:25:40 Content root path: C:\Users\Ganesh\source\repos\Truyum_Without_Db\Menu_Service
INFO  11:26:01 Getting all menuitems
INFO  11:34:59 Application started. Press Ctrl+C to shut down.
INFO  11:34:59 Application started. Press Ctrl+C to shut down.
INFO  11:34:59 Hosting environment: Development
INFO  11:34:59 Hosting environment: Development
INFO  11:34:59 Content root path: C:\Users\Ganesh\source\repos\Truyum_Without_Db\Menu_Service
INFO  11:34:59 Content root path: C:\Users\Ganesh\source\repos\Truyum_Without_Db\Menu_Service
INFO  11:35:14 Getting all menuitems
INFO  11:36:16 Application started. Press Ctrl+C to shut down.
INFO  11:36:16 Application started. Press Ctrl+C to shut down.
INFO  11:36:16 Hosting environment: Development
INFO  11:36:16 Hosting environment: Development
INFO  11:36:16 Content root path: C:\Users\Ganesh\source\repos\Truyum_Without_Db\Menu_Service
INFO  11:36:16 Content root path: C:\Users\Ganesh\source\repos\Truyum_Without_Db\Menu_Service
INFO  11:37:08 Getting all menuitems
INFO  11:48:19 Application started. Press Ctrl+C to shut down.
INFO  11:48:19 Application started. Press Ctrl+C to shut down.
INFO  11:48:19 Hosting environment: Development
INFO  11:48:19 Hosting environment: Development
INFO  11:48:19 Content root path: C:\Users\Ganesh\source\repos\Truyum_Without_Db\Menu_Service
INFO  11:48:19 Content root path: C:\Users\Ganesh\source\repos\Truyum_Without_Db\Menu_Service
INFO  11:49:36 Getting all menuitems
INFO  11:50:12 Getting all menuitems
INFO  11:52:56 Application started. Press Ctrl+C to shut down.
INFO  11:52:56 Application started. Press Ctrl+C to shut down.
INFO  11:52:56 Hosting environment: Development
INFO  11:52:56 Hosting environment: Development
INFO  11:52:56 Content root path: C:\Users\Ganesh\source\repos\Truyum_Without_Db\Menu_Service
INFO  11:52:56 Content root path: C:\Users\Ganesh\source\repos\Truyum_Without_Db\Menu_Service
INFO  11:53:10 Getting all menuitems
INFO  12:03:20 Application started. Press Ctrl+C to shut down.
INFO  12:03:20 Application started. Press Ctrl+C to shut down.
INFO  12:03:20 Hosting environment: Development
INFO  12:03:20 Hosting environment: Development
INFO  12:03:20 Content root path: C:\Users\Ganesh\source\repos\Truyum_Without_Db\Menu_Service
INFO  12:03:20 Content root path: C:\Users\Ganesh\source\repos\Truyum_Without_Db\Menu_Service
INFO  12:08:52 Application started. Press Ctrl+C to shut down.
INFO  12:08:52 Application started. Press Ctrl+C to shut down.
INFO  12:08:52 Hosting environment: Development
INFO  12:08:52 Hosting environment: Development
INFO  12:08:52 Content root path: C:\Users\Ganesh\source\repos\Truyum_Without_Db\Menu_Service
INFO  12:08:52 Content root path: C:\Users\Ganesh\source\repos\Truyum_Without_Db\Menu_Service
INFO  12:10:35 Application started. Press Ctrl+C to shut down.
INFO  12:10:35 Application started. Press Ctrl+C to shut down.
INFO  12:10:36 Hosting environment: Development
INFO  12:10:36 Hosting environment: Development
INFO  12:10:36 Content root path: C:\Users\Ganesh\source\repos\Truyum_Without_Db\Menu_Service
INFO  12:10:36 Content root path: C:\Users\Ganesh\source\repos\Truyum_Without_Db\Menu_Service
INFO  12:14:42 Application started. Press Ctrl+C to shut down.
INFO  12:14:42 Application started. Press Ctrl+C to shut down.
INFO  12:14:42 Hosting environment: Development
INFO  12:14:42 Hosting environment: Development
INFO  12:14:42 Content root path: C:\Users\Ganesh\source\repos\Truyum_Without_Db\Menu_Service
INFO  12:14:42 Content root path: C:\Users\Ganesh\source\repos\Truyum_Without_Db\Menu_Service
INFO  12:15:00 Getting all menuitems
INFO  12:15:03 Getting all menuitems
INFO  12:15:05 Getting all menuitems
INFO  01:36:23 Application started. Press Ctrl+C to shut down.
INFO  01:36:23 Application started. Press Ctrl+C to shut down.
INFO  01:36:23 Hosting environment: Development
INFO  01:36:23 Hosting environment: Development
INFO  01:36:24 Content root path: C:\Users\Ganesh\source\repos\Truyum_Without_Db\Menu_Service
INFO  01:36:24 Content root path: C:\Users\Ganesh\source\repos\Truyum_Without_Db\Menu_Service
INFO  01:36:41 Getting all menuitems
INFO  02:22:50 Application started. Press Ctrl+C to shut down.
INFO  02:22:50 Application started. Press Ctrl+C to shut down.
INFO  02:22:50 Hosting environment: Development
INFO  02:22:50 Hosting environment: Development
INFO  02:22:50 Content root path: C:\Users\Ganesh\source\repos\Truyum_Without_Db\Menu_Service
INFO  02:22:50 Content root path: C:\Users\Ganesh\source\repos\Truyum_Without_Db\Menu_Service
INFO  02:23:17 Getting all menuitems
INFO  02:24:41 Application started. Press Ctrl+C to shut down.
INFO  02:24:41 Application started. Press Ctrl+C to shut down.
INFO  02:24:41 Hosting environment: Development
INFO  02:24:41 Hosting environment: Development
INFO  02:24:41 Content root path: C:\Users\Ganesh\source\repos\Truyum_Without_Db\Menu_Service
INFO  02:24:41 Content root path: C:\Users\Ganesh\source\repos\Truyum_Without_Db\Menu_Service
INFO  02:25:10 Getting all menuitems
INFO  02:25:17 Getting all menuitems
INFO  02:25:33 Getting all menuitems
INFO  02:33:30 Application started. Press Ctrl+C to shut down.
INFO  02:33:30 Application started. Press Ctrl+C to shut down.
INFO  02:33:30 Hosting environment: Development
INFO  02:33:30 Hosting environment: Development
INFO  02:33:30 Content root path: C:\Users\Ganesh\source\repos\Truyum_Without_Db\Menu_Service
INFO  02:33:30 Content root path: C:\Users\Ganesh\source\repos\Truyum_Without_Db\Menu_Service
INFO  02:34:12 Getting all menuitems
INFO  02:34:19 Getting all menuitems
INFO  02:34:24 Getting all menuitems
INFO  02:38:32 Application started. Press Ctrl+C to shut down.
INFO  02:38:32 Application started. Press Ctrl+C to shut down.
INFO  02:38:32 Hosting environment: Development
INFO  02:38:32 Hosting environment: Development
INFO  02:38:32 Content root path: C:\Users\Ganesh\source\repos\Truyum_Without_Db\Menu_Service
INFO  02:38:32 Content root path: C:\Users\Ganesh\source\repos\Truyum_Without_Db\Menu_Service
INFO  02:38:53 Getting all menuitems
INFO  02:39:00 Getting all menuitems
INFO  02:41:21 Application started. Press Ctrl+C to shut down.
INFO  02:41:21 Application started. Press Ctrl+C to shut down.
INFO  02:41:21 Hosting environment: Development
INFO  02:41:21 Hosting environment: Development
INFO  02:41:21 Content root path: C:\Users\Ganesh\source\repos\Truyum_Without_Db\Menu_Service
INFO  02:41:21 Content root path: C:\Users\Ganesh\source\repos\Truyum_Without_Db\Menu_Service
INFO  02:41:51 Getting all menuitems
INFO  02:43:49 Application started. Press Ctrl+C to shut down.
INFO  02:43:49 Application started. Press Ctrl+C to shut down.
INFO  02:43:49 Hosting environment: Development
INFO  02:43:49 Hosting environment: Development
INFO  02:43:49 Content root path: C:\Users\Ganesh\source\repos\Truyum_Without_Db\Menu_Service
INFO  02:43:49 Content root path: C:\Users\Ganesh\source\repos\Truyum_Without_Db\Menu_Service
INFO  02:46:09 Application started. Press Ctrl+C to shut down.
INFO  02:46:09 Application started. Press Ctrl+C to shut down.
INFO  02:46:09 Hosting environment: Development
INFO  02:46:09 Hosting environment: Development
INFO  02:46:09 Content root path: C:\Users\Ganesh\source\repos\Truyum_Without_Db\Menu_Service
INFO  02:46:09 Content root path: C:\Users\Ganesh\source\repos\Truyum_Without_Db\Menu_Service
INFO  02:47:53 Application started. Press Ctrl+C to shut down.
INFO  02:47:53 Application started. Press Ctrl+C to shut down.
INFO  02:47:53 Hosting environment: Development
INFO  02:47:53 Hosting environment: Development
INFO  02:47:53 Content root path: C:\Users\Ganesh\source\repos\Truyum_Without_Db\Menu_Service
INFO  02:47:53 Content root path: C:\Users\Ganesh\source\repos\Truyum_Without_Db\Menu_Service
INFO  02:49:10 Getting all menuitems
INFO  02:50:44 Application started. Press Ctrl+C to shut down.
INFO  02:50:44 Application started. Press Ctrl+C to shut down.
INFO  02:50:44 Hosting environment: Development
INFO  02:50:44 Hosting environment: Development
INFO  02:50:44 Content root path: C:\Users\Ganesh\source\repos\Truyum_Without_Db\Menu_Service
INFO  02:50:44 Content root path: C:\Users\Ganesh\source\repos\Truyum_Without_Db\Menu_Service
INFO  02:51:00 Getting all menuitems
INFO  02:51:11 Getting all menuitems
INFO  02:56:49 Application started. Press Ctrl+C to shut down.
INFO  02:56:49 Application started. Press Ctrl+C to shut down.
INFO  02:56:49 Hosting environment: Development
INFO  02:56:49 Hosting environment: Development
INFO  02:56:49 Content root path: C:\Users\Ganesh\source\repos\Truyum_Without_Db\Menu_Service
INFO  02:56:49 Content root path: C:\Users\Ganesh\source\repos\Truyum_Without_Db\Menu_Service
INFO  02:57:04 Getting all menuitems
INFO  02:58:32 Application started. Press Ctrl+C to shut down.
INFO  02:58:32 Application started. Press Ctrl+C to shut down.
INFO  02:58:32 Hosting environment: Development
INFO  02:58:32 Hosting environment: Development
INFO  02:58:32 Content root path: C:\Users\Ganesh\source\repos\Truyum_Without_Db\Menu_Service
INFO  02:58:32 Content root path: C:\Users\Ganesh\source\repos\Truyum_Without_Db\Menu_Service
INFO  02:58:46 Getting all menuitems
INFO  02:58:59 Getting all menuitems
INFO  02:59:10 Getting all menuitems
INFO  02:59:23 Getting all menuitems
INFO  03:00:18 Application started. Press Ctrl+C to shut down.
INFO  03:00:18 Application started. Press Ctrl+C to shut down.
INFO  03:00:18 Hosting environment: Development
INFO  03:00:18 Hosting environment: Development
INFO  03:00:18 Content root path: C:\Users\Ganesh\source\repos\Truyum_Without_Db\Menu_Service
INFO  03:00:18 Content root path: C:\Users\Ganesh\source\repos\Truyum_Without_Db\Menu_Service
INFO  03:00:47 Getting all menuitems
INFO  03:01:13 Getting all menuitems
INFO  03:03:00 Application started. Press Ctrl+C to shut down.
INFO  03:03:00 Application started. Press Ctrl+C to shut down.
INFO  03:03:00 Hosting environment: Development
INFO  03:03:00 Hosting environment: Development
INFO  03:03:00 Content root path: C:\Users\Ganesh\source\repos\Truyum_Without_Db\Menu_Service
INFO  03:03:00 Content root path: C:\Users\Ganesh\source\repos\Truyum_Without_Db\Menu_Service
INFO  03:03:28 Getting all menuitems
INFO  03:06:15 Application started. Press Ctrl+C to shut down.
INFO  03:06:15 Application started. Press Ctrl+C to shut down.
INFO  03:06:15 Hosting environment: Development
INFO  03:06:15 Hosting environment: Development
INFO  03:06:15 Content root path: C:\Users\Ganesh\source\repos\Truyum_Without_Db\Menu_Service
INFO  03:06:15 Content root path: C:\Users\Ganesh\source\repos\Truyum_Without_Db\Menu_Service
INFO  03:06:33 Getting all menuitems
INFO  03:13:06 Application started. Press Ctrl+C to shut down.
INFO  03:13:06 Application started. Press Ctrl+C to shut down.
INFO  03:13:06 Hosting environment: Development
INFO  03:13:06 Hosting environment: Development
INFO  03:13:06 Content root path: C:\Users\Ganesh\source\repos\Truyum_Without_Db\Menu_Service
INFO  03:13:06 Content root path: C:\Users\Ganesh\source\repos\Truyum_Without_Db\Menu_Service
INFO  03:13:21 Getting all menuitems
INFO  03:13:24 Getting all menuitems
INFO  03:13:29 Getting all menuitems
INFO  03:13:36 Getting all menuitems
INFO  03:14:16 Getting all menuitems
INFO  03:14:51 Getting all menuitems
INFO  03:14:54 Getting all menuitems
INFO  03:16:42 Application started. Press Ctrl+C to shut down.
INFO  03:16:43 Application started. Press Ctrl+C to shut down.
INFO  03:16:43 Hosting environment: Development
INFO  03:16:43 Hosting environment: Development
INFO  03:16:43 Content root path: C:\Users\Ganesh\source\repos\Truyum_Without_Db\Menu_Service
INFO  03:16:43 Content root path: C:\Users\Ganesh\source\repos\Truyum_Without_Db\Menu_Service
INFO  03:17:15 Getting all menuitems
INFO  03:17:19 Getting all menuitems
INFO  03:17:20 Getting all menuitems
INFO  03:17:21 Getting all menuitems
INFO  03:17:24 Getting all menuitems
INFO  03:17:25 Getting all menuitems
INFO  03:18:02 Application started. Press Ctrl+C to shut down.
INFO  03:18:02 Application started. Press Ctrl+C to shut down.
INFO  03:18:02 Hosting environment: Development
INFO  03:18:02 Hosting environment: Development
INFO  03:18:02 Content root path: C:\Users\Ganesh\source\repos\Truyum_Without_Db\Menu_Service
INFO  03:18:02 Content root path: C:\Users\Ganesh\source\repos\Truyum_Without_Db\Menu_Service
INFO  03:18:15 Getting all menuitems
INFO  03:18:23 Getting all menuitems
INFO  03:25:41 Application started. Press Ctrl+C to shut down.
INFO  03:25:41 Application started. Press Ctrl+C to shut down.
INFO  03:25:41 Hosting environment: Development
INFO  03:25:41 Hosting environment: Development
INFO  03:25:41 Content root path: C:\Users\Ganesh\source\repos\Truyum_Without_Db\Menu_Service
INFO  03:25:41 Content root path: C:\Users\Ganesh\source\repos\Truyum_Without_Db\Menu_Service
INFO  03:26:20 Getting all menuitems
INFO  03:26:23 Getting all menuitems
INFO  03:26:25 Getting all menuitems
INFO  03:26:26 Getting all menuitems
INFO  03:26:27 Getting all menuitems
INFO  03:26:29 Getting all menuitems
INFO  03:26:30 Getting all menuitems
INFO  03:26:31 Getting all menuitems
INFO  03:26:36 Getting all menuitems
INFO  03:26:41 Getting all menuitems
INFO  03:26:44 Getting all menuitems
INFO  03:26:47 Getting all menuitems
INFO  03:31:12 Application started. Press Ctrl+C to shut down.
INFO  03:31:12 Application started. Press Ctrl+C to shut down.
INFO  03:31:12 Hosting environment: Development
INFO  03:31:12 Hosting environment: Development
INFO  03:31:12 Content root path: C:\Users\Ganesh\source\repos\Truyum_Without_Db\Menu_Service
INFO  03:31:12 Content root path: C:\Users\Ganesh\source\repos\Truyum_Without_Db\Menu_Service
INFO  03:32:14 Getting all menuitems
INFO  03:32:44 Getting all menuitems
INFO  03:32:54 Getting all menuitems
INFO  03:33:02 Getting all menuitems
INFO  03:37:19 Application started. Press Ctrl+C to shut down.
INFO  03:37:19 Application started. Press Ctrl+C to shut down.
INFO  03:37:19 Hosting environment: Development
INFO  03:37:19 Hosting environment: Development
INFO  03:37:19 Content root path: C:\Users\Ganesh\source\repos\Truyum_Without_Db\Menu_Service
INFO  03:37:19 Content root path: C:\Users\Ganesh\source\repos\Truyum_Without_Db\Menu_Service
INFO  03:42:13 Application started. Press Ctrl+C to shut down.
INFO  03:42:13 Application started. Press Ctrl+C to shut down.
INFO  03:42:13 Hosting environment: Development
INFO  03:42:13 Hosting environment: Development
INFO  03:42:13 Content root path: C:\Users\Ganesh\source\repos\Truyum_Without_Db\Menu_Service
INFO  03:42:13 Content root path: C:\Users\Ganesh\source\repos\Truyum_Without_Db\Menu_Service
INFO  03:42:27 Getting all menuitems
INFO  03:42:37 Getting all menuitems
INFO  03:42:44 Getting all menuitems
INFO  04:27:03 Application started. Press Ctrl+C to shut down.
INFO  04:27:03 Application started. Press Ctrl+C to shut down.
INFO  04:27:03 Hosting environment: Development
INFO  04:27:03 Hosting environment: Development
INFO  04:27:03 Content root path: C:\Users\Ganesh\source\repos\Truyum_Without_Db\Menu_Service
INFO  04:27:03 Content root path: C:\Users\Ganesh\source\repos\Truyum_Without_Db\Menu_Service
INFO  04:27:17 Getting all menuitems
INFO  04:29:55 Application started. Press Ctrl+C to shut down.
INFO  04:29:55 Application started. Press Ctrl+C to shut down.
INFO  04:29:55 Hosting environment: Development
INFO  04:29:55 Hosting environment: Development
INFO  04:29:55 Content root path: C:\Users\Ganesh\source\repos\Truyum_Without_Db\Menu_Service
INFO  04:29:55 Content root path: C:\Users\Ganesh\source\repos\Truyum_Without_Db\Menu_Service
INFO  04:30:11 Getting all menuitems
INFO  04:31:00 Getting all menuitems
INFO  04:31:22 Getting all menuitems
INFO  04:35:57 Application started. Press Ctrl+C to shut down.
INFO  04:35:57 Application started. Press Ctrl+C to shut down.
INFO  04:35:57 Hosting environment: Development
INFO  04:35:57 Hosting environment: Development
INFO  04:35:57 Content root path: C:\Users\Ganesh\source\repos\Truyum_Without_Db\Menu_Service
INFO  04:35:57 Content root path: C:\Users\Ganesh\source\repos\Truyum_Without_Db\Menu_Service
INFO  04:36:12 Getting all menuitems
INFO  04:36:41 Getting all menuitems
INFO  04:37:05 Getting all menuitems
INFO  04:37:13 Getting all menuitems
INFO  04:37:19 Getting all menuitems
INFO  04:39:31 Application started. Press Ctrl+C to shut down.
INFO  04:39:31 Application started. Press Ctrl+C to shut down.
INFO  04:39:31 Hosting environment: Development
INFO  04:39:31 Hosting environment: Development
INFO  04:39:31 Content root path: C:\Users\Ganesh\source\repos\Truyum_Without_Db\Menu_Service
INFO  04:39:31 Content root path: C:\Users\Ganesh\source\repos\Truyum_Without_Db\Menu_Service
INFO  04:39:49 Getting all menuitems
INFO  04:41:16 Application started. Press Ctrl+C to shut down.
INFO  04:41:16 Application started. Press Ctrl+C to shut down.
INFO  04:41:16 Hosting environment: Development
INFO  04:41:16 Hosting environment: Development
INFO  04:41:16 Content root path: C:\Users\Ganesh\source\repos\Truyum_Without_Db\Menu_Service
INFO  04:41:16 Content root path: C:\Users\Ganesh\source\repos\Truyum_Without_Db\Menu_Service
INFO  04:41:40 Getting all menuitems
INFO  04:45:06 Getting all menuitems
INFO  04:48:43 Application started. Press Ctrl+C to shut down.
INFO  04:48:43 Application started. Press Ctrl+C to shut down.
INFO  04:48:43 Hosting environment: Development
INFO  04:48:43 Hosting environment: Development
INFO  04:48:43 Content root path: C:\Users\Ganesh\source\repos\Truyum_Without_Db\Menu_Service
INFO  04:48:43 Content root path: C:\Users\Ganesh\source\repos\Truyum_Without_Db\Menu_Service
INFO  04:49:04 Getting all menuitems
INFO  04:49:27 Getting all menuitems
INFO  05:36:14 Application started. Press Ctrl+C to shut down.
INFO  05:36:14 Application started. Press Ctrl+C to shut down.
INFO  05:36:14 Hosting environment: Development
INFO  05:36:14 Hosting environment: Development
INFO  05:36:14 Content root path: C:\Users\Ganesh\source\repos\Truyum_Without_Db\Menu_Service
INFO  05:36:14 Content root path: C:\Users\Ganesh\source\repos\Truyum_Without_Db\Menu_Service
INFO  05:36:47 Getting all menuitems
INFO  05:37:02 Getting all menuitems
INFO  05:52:48 Application started. Press Ctrl+C to shut down.
INFO  05:52:49 Application started. Press Ctrl+C to shut down.
INFO  05:52:49 Hosting environment: Development
INFO  05:52:49 Hosting environment: Development
INFO  05:52:49 Content root path: C:\Users\Ganesh\source\repos\Truyum_Without_Db\Menu_Service
INFO  05:52:49 Content root path: C:\Users\Ganesh\source\repos\Truyum_Without_Db\Menu_Service
INFO  05:53:20 Getting all menuitems
INFO  05:53:26 Getting all menuitems
INFO  05:53:37 Getting all menuitems
INFO  05:53:40 Getting all menuitems
INFO  05:53:50 Getting all menuitems
INFO  05:53:51 Getting all menuitems
INFO  05:53:57 Getting all menuitems
INFO  05:54:04 Getting all menuitems
INFO  12:29:48 Application started. Press Ctrl+C to shut down.
INFO  12:29:48 Application started. Press Ctrl+C to shut down.
INFO  12:29:48 Hosting environment: Development
INFO  12:29:48 Hosting environment: Development
INFO  12:29:48 Content root path: C:\Users\Ganesh\source\repos\Truyum_Without_Db\Menu_Service
INFO  12:29:48 Content root path: C:\Users\Ganesh\source\repos\Truyum_Without_Db\Menu_Service
INFO  12:30:07 Getting all menuitems
INFO  12:31:34 Application started. Press Ctrl+C to shut down.
INFO  12:31:35 Application started. Press Ctrl+C to shut down.
INFO  12:31:35 Hosting environment: Development
INFO  12:31:35 Hosting environment: Development
INFO  12:31:35 Content root path: C:\Users\Ganesh\source\repos\Truyum_Without_Db\Menu_Service
INFO  12:31:35 Content root path: C:\Users\Ganesh\source\repos\Truyum_Without_Db\Menu_Service
INFO  12:32:22 Getting all menuitems
INFO  12:32:34 Getting all menuitems
INFO  12:32:38 Getting all menuitems
INFO  12:33:00 Getting all menuitems
INFO  12:42:42 Application started. Press Ctrl+C to shut down.
INFO  12:42:42 Application started. Press Ctrl+C to shut down.
INFO  12:42:42 Hosting environment: Development
INFO  12:42:42 Hosting environment: Development
INFO  12:42:42 Content root path: C:\Users\Ganesh\source\repos\Truyum_Without_Db\Menu_Service
INFO  12:42:42 Content root path: C:\Users\Ganesh\source\repos\Truyum_Without_Db\Menu_Service
INFO  12:43:08 Getting all menuitems
INFO  12:45:14 Application started. Press Ctrl+C to shut down.
INFO  12:45:14 Application started. Press Ctrl+C to shut down.
INFO  12:45:14 Hosting environment: Development
INFO  12:45:14 Hosting environment: Development
INFO  12:45:14 Content root path: C:\Users\Ganesh\source\repos\Truyum_Without_Db\Menu_Service
INFO  12:45:14 Content root path: C:\Users\Ganesh\source\repos\Truyum_Without_Db\Menu_Service
INFO  12:45:37 Getting all menuitems
INFO  12:45:51 Getting all menuitems
INFO  12:50:10 Application started. Press Ctrl+C to shut down.
INFO  12:50:10 Application started. Press Ctrl+C to shut down.
INFO  12:50:10 Hosting environment: Development
INFO  12:50:10 Hosting environment: Development
INFO  12:50:10 Content root path: C:\Users\Ganesh\source\repos\Truyum_Without_Db\Menu_Service
INFO  12:50:10 Content root path: C:\Users\Ganesh\source\repos\Truyum_Without_Db\Menu_Service
INFO  12:50:50 Getting all menuitems
INFO  12:52:44 Application started. Press Ctrl+C to shut down.
INFO  12:52:44 Application started. Press Ctrl+C to shut down.
INFO  12:52:44 Hosting environment: Development
INFO  12:52:44 Hosting environment: Development
INFO  12:52:45 Content root path: C:\Users\Ganesh\source\repos\Truyum_Without_Db\Menu_Service
INFO  12:52:45 Content root path: C:\Users\Ganesh\source\repos\Truyum_Without_Db\Menu_Service
INFO  12:53:02 Getting all menuitems
INFO  12:53:16 Getting all menuitems
INFO  12:53:52 Getting all menuitems
INFO  12:54:04 Getting all menuitems
INFO  02:53:15 Application started. Press Ctrl+C to shut down.
INFO  02:53:15 Application started. Press Ctrl+C to shut down.
INFO  02:53:15 Hosting environment: Development
INFO  02:53:15 Hosting environment: Development
INFO  02:53:15 Content root path: C:\Users\Ganesh\source\repos\Truyum_Without_Db\Menu_Service
INFO  02:53:15 Content root path: C:\Users\Ganesh\source\repos\Truyum_Without_Db\Menu_Service
INFO  02:56:03 Application started. Press Ctrl+C to shut down.
INFO  02:56:03 Application started. Press Ctrl+C to shut down.
INFO  02:56:03 Hosting environment: Development
INFO  02:56:03 Hosting environment: Development
INFO  02:56:03 Content root path: C:\Users\Ganesh\source\repos\Truyum_Without_Db\Menu_Service
INFO  02:56:03 Content root path: C:\Users\Ganesh\source\repos\Truyum_Without_Db\Menu_Service
INFO  02:58:02 Application started. Press Ctrl+C to shut down.
INFO  02:58:02 Application started. Press Ctrl+C to shut down.
INFO  02:58:02 Hosting environment: Development
INFO  02:58:02 Hosting environment: Development
INFO  02:58:02 Content root path: C:\Users\Ganesh\source\repos\Truyum_Without_Db\Menu_Service
INFO  02:58:02 Content root path: C:\Users\Ganesh\source\repos\Truyum_Without_Db\Menu_Service
INFO  03:01:28 Application started. Press Ctrl+C to shut down.
INFO  03:01:28 Application started. Press Ctrl+C to shut down.
INFO  03:01:28 Hosting environment: Development
INFO  03:01:28 Hosting environment: Development
INFO  03:01:28 Content root path: C:\Users\Ganesh\source\repos\Truyum_Without_Db\Menu_Service
INFO  03:01:28 Content root path: C:\Users\Ganesh\source\repos\Truyum_Without_Db\Menu_Service
INFO  03:04:04 Application started. Press Ctrl+C to shut down.
INFO  03:04:04 Application started. Press Ctrl+C to shut down.
INFO  03:04:04 Hosting environment: Development
INFO  03:04:04 Hosting environment: Development
INFO  03:04:04 Content root path: C:\Users\Ganesh\source\repos\Truyum_Without_Db\Menu_Service
INFO  03:04:04 Content root path: C:\Users\Ganesh\source\repos\Truyum_Without_Db\Menu_Service
INFO  03:05:59 Application started. Press Ctrl+C to shut down.
INFO  03:05:59 Application started. Press Ctrl+C to shut down.
INFO  03:05:59 Hosting environment: Development
INFO  03:05:59 Hosting environment: Development
INFO  03:05:59 Content root path: C:\Users\Ganesh\source\repos\Truyum_Without_Db\Menu_Service
INFO  03:05:59 Content root path: C:\Users\Ganesh\source\repos\Truyum_Without_Db\Menu_Service
INFO  03:07:03 Getting all menuitems
INFO  03:14:51 Application started. Press Ctrl+C to shut down.
INFO  03:14:51 Application started. Press Ctrl+C to shut down.
INFO  03:14:51 Hosting environment: Development
INFO  03:14:51 Hosting environment: Development
INFO  03:14:51 Content root path: C:\Users\Ganesh\source\repos\Truyum_Without_Db\Menu_Service
INFO  03:14:51 Content root path: C:\Users\Ganesh\source\repos\Truyum_Without_Db\Menu_Service
INFO  03:16:05 Getting all menuitems
INFO  03:16:48 Getting all menuitems
INFO  03:17:06 Getting all menuitems
INFO  03:25:15 Application started. Press Ctrl+C to shut down.
INFO  03:25:15 Application started. Press Ctrl+C to shut down.
INFO  03:25:15 Hosting environment: Development
INFO  03:25:15 Hosting environment: Development
INFO  03:25:15 Content root path: C:\Users\Ganesh\source\repos\Truyum_Without_Db\Menu_Service
INFO  03:25:15 Content root path: C:\Users\Ganesh\source\repos\Truyum_Without_Db\Menu_Service
INFO  03:25:29 Getting all menuitems
INFO  03:25:53 Getting all menuitems
INFO  03:26:54 Application started. Press Ctrl+C to shut down.
INFO  03:26:54 Application started. Press Ctrl+C to shut down.
INFO  03:26:54 Hosting environment: Development
INFO  03:26:54 Hosting environment: Development
INFO  03:26:54 Content root path: C:\Users\Ganesh\source\repos\Truyum_Without_Db\Menu_Service
INFO  03:26:54 Content root path: C:\Users\Ganesh\source\repos\Truyum_Without_Db\Menu_Service
INFO  03:27:06 Getting all menuitems
INFO  03:28:57 Application started. Press Ctrl+C to shut down.
INFO  03:28:57 Application started. Press Ctrl+C to shut down.
INFO  03:28:57 Hosting environment: Development
INFO  03:28:57 Hosting environment: Development
INFO  03:28:57 Content root path: C:\Users\Ganesh\source\repos\Truyum_Without_Db\Menu_Service
INFO  03:28:57 Content root path: C:\Users\Ganesh\source\repos\Truyum_Without_Db\Menu_Service
INFO  03:29:09 Getting all menuitems
INFO  03:30:24 Application started. Press Ctrl+C to shut down.
INFO  03:31:12 Application started. Press Ctrl+C to shut down.
INFO  03:31:12 Application started. Press Ctrl+C to shut down.
INFO  03:31:12 Hosting environment: Development
INFO  03:31:12 Hosting environment: Development
INFO  03:31:12 Content root path: C:\Users\Ganesh\source\repos\Truyum_Without_Db\Menu_Service
INFO  03:31:12 Content root path: C:\Users\Ganesh\source\repos\Truyum_Without_Db\Menu_Service
INFO  03:31:24 Getting all menuitems
INFO  03:31:36 Getting all menuitems
INFO  03:31:44 Getting all menuitems
INFO  03:31:48 Getting all menuitems
INFO  03:31:56 Getting all menuitems
INFO  03:31:57 Getting all menuitems
INFO  03:32:11 Getting all menuitems
INFO  03:46:15 Application started. Press Ctrl+C to shut down.
INFO  03:46:15 Application started. Press Ctrl+C to shut down.
INFO  03:46:16 Hosting environment: Development
INFO  03:46:16 Hosting environment: Development
INFO  03:46:16 Content root path: C:\Users\Ganesh\source\repos\Truyum_Without_Db\Menu_Service
INFO  03:46:16 Content root path: C:\Users\Ganesh\source\repos\Truyum_Without_Db\Menu_Service
INFO  03:46:31 Getting all menuitems
INFO  03:47:37 Application started. Press Ctrl+C to shut down.
INFO  03:47:37 Application started. Press Ctrl+C to shut down.
INFO  03:47:37 Hosting environment: Development
INFO  03:47:37 Hosting environment: Development
INFO  03:47:37 Content root path: C:\Users\Ganesh\source\repos\Truyum_Without_Db\Menu_Service
INFO  03:47:37 Content root path: C:\Users\Ganesh\source\repos\Truyum_Without_Db\Menu_Service
INFO  03:48:08 Getting all menuitems
INFO  03:51:32 Application started. Press Ctrl+C to shut down.
INFO  03:51:32 Application started. Press Ctrl+C to shut down.
INFO  03:51:32 Hosting environment: Development
INFO  03:51:32 Hosting environment: Development
INFO  03:51:32 Content root path: C:\Users\Ganesh\source\repos\Truyum_Without_Db\Menu_Service
INFO  03:51:32 Content root path: C:\Users\Ganesh\source\repos\Truyum_Without_Db\Menu_Service
INFO  03:51:44 Getting all menuitems
INFO  03:52:05 Successfully edited menuitem with id 1
INFO  03:52:14 Getting all menuitems
INFO  03:53:04 Application started. Press Ctrl+C to shut down.
INFO  03:53:04 Application started. Press Ctrl+C to shut down.
INFO  03:53:04 Hosting environment: Development
INFO  03:53:04 Hosting environment: Development
INFO  03:53:04 Content root path: C:\Users\Ganesh\source\repos\Truyum_Without_Db\Menu_Service
INFO  03:53:04 Content root path: C:\Users\Ganesh\source\repos\Truyum_Without_Db\Menu_Service
INFO  03:53:15 Getting all menuitems
